01/25/2020 10:17:28 AM - LoginTests - INFO: ++++++++++++++++++++++++++++++++++++STARTING test_invalidLoginBlank++++++++++++++++++++++++++++++++++++
01/25/2020 10:17:28 AM - LoginTests - INFO: ++++++++++++++++++++++++++++++++++++STARTING test_invalidLoginWrongEmail++++++++++++++++++++++++++++++++++++
01/25/2020 10:17:28 AM - LoginTests - INFO: test_invalidLoginWrongEmail
01/25/2020 10:17:28 AM - LoginTests - INFO: ++++++++++++++++++++++++++++++++++++STARTING test_validLoginWrongPassword++++++++++++++++++++++++++++++++++++
01/25/2020 10:17:28 AM - LoginTests - INFO: test_invalidLoginWrongPassword
01/25/2020 10:17:28 AM - LoginTests - INFO: ++++++++++++++++++++++++++++++++++++STARTING test_validLogin++++++++++++++++++++++++++++++++++++
01/25/2020 10:17:28 AM - LoginTests - INFO: test_validLogin
01/25/2020 10:17:28 AM - LoginTests - INFO: ++++++++++++++++++++++++++++++++++++STARTING test_validLogout++++++++++++++++++++++++++++++++++++
01/25/2020 10:17:28 AM - SearchTests - INFO: ++++++++++++++++++++++++++++++++++++STARTING test_loginSearch++++++++++++++++++++++++++++++++++++
01/25/2020 10:17:28 AM - SearchTests - INFO: test_loginSearch
01/25/2020 10:17:30 AM - WebDriverFactory - INFO: Running Chrome Tests
01/25/2020 10:17:36 AM - LoginTests - INFO: ++++++++++++++++++++++++++++++++++++STARTING test_invalidLoginBlank++++++++++++++++++++++++++++++++++++
01/25/2020 10:17:39 AM - LoginPage - INFO: Click SignIn Link
01/25/2020 10:17:39 AM - LoginPage - INFO: Click Login Button
01/25/2020 10:17:39 AM - LoginPage - INFO: Just completed the blankLogin method
01/25/2020 10:17:39 AM - LoginPage - INFO: TEST PASS: Verified signin header is still present for blank login.
01/25/2020 10:17:39 AM - TestStatus - INFO: ### VERIFICATION SUCCESSFUL :: + Verify Can't Login with Blank Fields
01/25/2020 10:17:39 AM - TestStatus - INFO: test_invalidLoginBlank ### TEST SUCCESSFUL
01/25/2020 10:17:39 AM - LoginTests - INFO: ++++++++++++++++++++++++++++++++++++ENDING test_invalidLoginBlank++++++++++++++++++++++++++++++++++++
01/25/2020 10:17:39 AM - LoginTests - INFO: ++++++++++++++++++++++++++++++++++++STARTING test_validLoginWrongPassword++++++++++++++++++++++++++++++++++++
01/25/2020 10:17:39 AM - LoginTests - INFO: test_invalidLoginWrongPassword
01/25/2020 10:17:39 AM - ExcelUtils - INFO: <Worksheet "test_loginSearch">
01/25/2020 10:17:39 AM - ExcelUtils - INFO: Got active sheet.
01/25/2020 10:17:39 AM - ExcelUtils - INFO: <Worksheet "test_invalidLoginWrongPassword">
01/25/2020 10:17:39 AM - LoginPage - INFO: Enter Email
01/25/2020 10:17:39 AM - LoginPage - INFO: Enter Password
01/25/2020 10:17:39 AM - LoginPage - INFO: Click Login Button
01/25/2020 10:17:39 AM - LoginPage - INFO: Just completed the wrongLogin method
01/25/2020 10:17:39 AM - LoginPage - INFO: browser: chrome
01/25/2020 10:17:40 AM - LoginPage - INFO: Error text found on page is: This combination of email or password is invalid.
01/25/2020 10:17:40 AM - LoginPage - INFO: TEST PASS: Verified error for wrong login. Oops, the e-mail or password doesn't match.
01/25/2020 10:17:40 AM - TestStatus - INFO: ### VERIFICATION SUCCESSFUL :: + Verify Can't Login with Wrong Password
01/25/2020 10:17:40 AM - TestStatus - INFO: test_validLoginWrongPassword ### TEST SUCCESSFUL
01/25/2020 10:17:40 AM - LoginTests - INFO: ++++++++++++++++++++++++++++++++++++ENDING test_validLoginWrongPassword++++++++++++++++++++++++++++++++++++
01/25/2020 10:17:40 AM - LoginTests - INFO: ++++++++++++++++++++++++++++++++++++STARTING test_invalidLoginWrongEmail++++++++++++++++++++++++++++++++++++
01/25/2020 10:17:40 AM - LoginTests - INFO: test_invalidLoginWrongEmail
01/25/2020 10:17:40 AM - ExcelUtils - INFO: <Worksheet "test_loginSearch">
01/25/2020 10:17:40 AM - ExcelUtils - INFO: Got active sheet.
01/25/2020 10:17:40 AM - ExcelUtils - INFO: <Worksheet "test_invalidLoginWrongEmail">
01/25/2020 10:17:41 AM - LoginPage - INFO: Enter Email
01/25/2020 10:17:41 AM - LoginPage - INFO: Enter Password
01/25/2020 10:17:41 AM - LoginPage - INFO: Click Login Button
01/25/2020 10:17:41 AM - LoginPage - INFO: Just completed the wrongLogin method
01/25/2020 10:17:41 AM - LoginPage - INFO: browser: chrome
01/25/2020 10:17:42 AM - LoginPage - INFO: Error text found on page is: This combination of email or password is invalid.
01/25/2020 10:17:42 AM - LoginPage - INFO: TEST PASS: Verified error for wrong login. Oops, the e-mail or password doesn't match.
01/25/2020 10:17:42 AM - TestStatus - INFO: ### VERIFICATION SUCCESSFUL :: + Verify Can't Login with Wrong Email
01/25/2020 10:17:42 AM - TestStatus - INFO: test_invalidLoginWrongEmail ### TEST SUCCESSFUL
01/25/2020 10:17:42 AM - LoginTests - INFO: ++++++++++++++++++++++++++++++++++++ENDING test_invalidLoginWrongEmail++++++++++++++++++++++++++++++++++++
01/25/2020 10:17:42 AM - LoginTests - INFO: ++++++++++++++++++++++++++++++++++++STARTING test_validLogin++++++++++++++++++++++++++++++++++++
01/25/2020 10:17:42 AM - LoginTests - INFO: test_validLogin
01/25/2020 10:17:42 AM - ExcelUtils - INFO: <Worksheet "test_loginSearch">
01/25/2020 10:17:42 AM - ExcelUtils - INFO: Got active sheet.
01/25/2020 10:17:42 AM - ExcelUtils - INFO: <Worksheet "test_validLogin">
01/25/2020 10:17:42 AM - LoginPage - INFO: Enter Email
01/25/2020 10:17:42 AM - LoginPage - INFO: Enter Password
01/25/2020 10:17:43 AM - LoginPage - INFO: Click Login Button
01/25/2020 10:17:43 AM - LoginPage - INFO: Just completed the login method
01/25/2020 10:17:46 AM - LoginPage - INFO: Element was found. Now getting its text.
01/25/2020 10:17:46 AM - LoginPage - INFO: Username is AUTOMATION TESTER
01/25/2020 10:17:46 AM - LoginPage - INFO: ***VERIFIED SUCCESSFUL LOGIN.***
01/25/2020 10:17:46 AM - TestStatus - INFO: ### VERIFICATION SUCCESSFUL :: + Verify Can Login Successfully
01/25/2020 10:17:46 AM - TestStatus - INFO: test_validLogin ### TEST SUCCESSFUL
01/25/2020 10:17:46 AM - LoginTests - INFO: ++++++++++++++++++++++++++++++++++++ENDING test_validLogin++++++++++++++++++++++++++++++++++++
01/25/2020 10:17:46 AM - LoginTests - INFO: ++++++++++++++++++++++++++++++++++++STARTING test_validLogout++++++++++++++++++++++++++++++++++++
01/25/2020 10:17:47 AM - LoginPage - INFO: Just completed the logout method
01/25/2020 10:17:50 AM - LoginPage - INFO: ***SUCCESSFULLY LOGGED OUT.***
01/25/2020 10:17:50 AM - TestStatus - INFO: ### VERIFICATION SUCCESSFUL :: + Verify Can Logout Successfully
01/25/2020 10:17:50 AM - TestStatus - INFO: test_validLogout ### TEST SUCCESSFUL
01/25/2020 10:17:50 AM - LoginTests - INFO: ++++++++++++++++++++++++++++++++++++ENDING test_validLogout++++++++++++++++++++++++++++++++++++
01/25/2020 10:17:52 AM - WebDriverFactory - INFO: Running Chrome Tests
01/25/2020 10:17:59 AM - SearchTests - INFO: ++++++++++++++++++++++++++++++++++++STARTING test_loginSearch++++++++++++++++++++++++++++++++++++
01/25/2020 10:17:59 AM - SearchTests - INFO: test_loginSearch
01/25/2020 10:17:59 AM - ExcelUtils - INFO: <Worksheet "test_loginSearch">
01/25/2020 10:17:59 AM - ExcelUtils - INFO: Got active sheet.
01/25/2020 10:17:59 AM - ExcelUtils - INFO: <Worksheet "test_loginSearch">
01/25/2020 10:18:05 AM - LoginPage - INFO: Click SignIn Link
01/25/2020 10:18:05 AM - LoginPage - INFO: Enter Email
01/25/2020 10:18:05 AM - LoginPage - INFO: Enter Password
01/25/2020 10:18:06 AM - LoginPage - INFO: Click Login Button
01/25/2020 10:18:06 AM - LoginPage - INFO: Just completed the login method
01/25/2020 10:18:09 AM - LoginPage - INFO: Element was found. Now getting its text.
01/25/2020 10:18:09 AM - LoginPage - INFO: Username is AUTOMATION TESTER
01/25/2020 10:18:09 AM - LoginPage - INFO: ***VERIFIED SUCCESSFUL LOGIN.***
01/25/2020 10:18:14 AM - SearchPage - INFO: Enter search keyword
01/25/2020 10:18:19 AM - TestStatus - INFO: ### VERIFICATION SUCCESSFUL :: + Verify can search after login.
01/25/2020 10:18:19 AM - TestStatus - INFO: test_loginSearch ### TEST SUCCESSFUL
01/25/2020 10:18:19 AM - SearchTests - INFO: ++++++++++++++++++++++++++++++++++++ENDING test_loginSearch++++++++++++++++++++++++++++++++++++
